/home/konka/data/code/camera_calibration/install/konka2_description/lib/python3.10/site-packages/konka2_description/__init__.py
/home/konka/data/code/camera_calibration/install/konka2_description/lib/python3.10/site-packages/konka2_description/__pycache__/__init__.cpython-310.pyc
/home/konka/data/code/camera_calibration/install/konka2_description/share/ament_index/resource_index/packages/konka2_description
/home/konka/data/code/camera_calibration/install/konka2_description/share/konka2_description/package.xml
/home/konka/data/code/camera_calibration/install/konka2_description/share/konka2_description/launch/display_rviz2.launch.py
/home/konka/data/code/camera_calibration/install/konka2_description/share/konka2_description/urdf/link_roll.STL
/home/konka/data/code/camera_calibration/install/konka2_description/share/konka2_description/urdf/link_right_finger_tip.STL
/home/konka/data/code/camera_calibration/install/konka2_description/share/konka2_description/urdf/link_right_wheel.STL
/home/konka/data/code/camera_calibration/install/konka2_description/share/konka2_description/urdf/link_yaw.STL
/home/konka/data/code/camera_calibration/install/konka2_description/share/konka2_description/urdf/link_arm_l0.STL
/home/konka/data/code/camera_calibration/install/konka2_description/share/konka2_description/urdf/konka_calibrated.urdf
/home/konka/data/code/camera_calibration/install/konka2_description/share/konka2_description/urdf/link_head_tlt.STL
/home/konka/data/code/camera_calibration/install/konka2_description/share/konka2_description/urdf/link_head_pan.STL
/home/konka/data/code/camera_calibration/install/konka2_description/share/konka2_description/urdf/link_head_pitch.STL
/home/konka/data/code/camera_calibration/install/konka2_description/share/konka2_description/urdf/link_gripper_camera.STL
/home/konka/data/code/camera_calibration/install/konka2_description/share/konka2_description/urdf/link_left_finger_tip.STL
/home/konka/data/code/camera_calibration/install/konka2_description/share/konka2_description/urdf/link_lift.STL
/home/konka/data/code/camera_calibration/install/konka2_description/share/konka2_description/urdf/base_link.STL
/home/konka/data/code/camera_calibration/install/konka2_description/share/konka2_description/urdf/link_left_wheel.STL
/home/konka/data/code/camera_calibration/install/konka2_description/share/konka2_description/urdf/head_camera_link.STL
/home/konka/data/code/camera_calibration/install/konka2_description/share/konka2_description/urdf/link_mast.STL
/home/konka/data/code/camera_calibration/install/konka2_description/share/konka2_description/urdf/link_left_finger.STL
/home/konka/data/code/camera_calibration/install/konka2_description/share/konka2_description/urdf/link_pitch.STL
/home/konka/data/code/camera_calibration/install/konka2_description/share/konka2_description/urdf/link_arm_l2.STL
/home/konka/data/code/camera_calibration/install/konka2_description/share/konka2_description/urdf/konka_without_head_camera.urdf
/home/konka/data/code/camera_calibration/install/konka2_description/share/konka2_description/urdf/link_right_finger.STL
/home/konka/data/code/camera_calibration/install/konka2_description/share/konka2_description/urdf/link_arm_l1.STL
/home/konka/data/code/camera_calibration/install/konka2_description/lib/python3.10/site-packages/konka2_description-0.0.0-py3.10.egg-info/dependency_links.txt
/home/konka/data/code/camera_calibration/install/konka2_description/lib/python3.10/site-packages/konka2_description-0.0.0-py3.10.egg-info/zip-safe
/home/konka/data/code/camera_calibration/install/konka2_description/lib/python3.10/site-packages/konka2_description-0.0.0-py3.10.egg-info/PKG-INFO
/home/konka/data/code/camera_calibration/install/konka2_description/lib/python3.10/site-packages/konka2_description-0.0.0-py3.10.egg-info/requires.txt
/home/konka/data/code/camera_calibration/install/konka2_description/lib/python3.10/site-packages/konka2_description-0.0.0-py3.10.egg-info/top_level.txt
/home/konka/data/code/camera_calibration/install/konka2_description/lib/python3.10/site-packages/konka2_description-0.0.0-py3.10.egg-info/SOURCES.txt
