running egg_info
writing ../../build/konka2_description/konka2_description.egg-info/PKG-INFO
writing dependency_links to ../../build/konka2_description/konka2_description.egg-info/dependency_links.txt
writing requirements to ../../build/konka2_description/konka2_description.egg-info/requires.txt
writing top-level names to ../../build/konka2_description/konka2_description.egg-info/top_level.txt
ERROR setuptools_scm._file_finders.git listing git files failed - pretending there aren't any
reading manifest file '../../build/konka2_description/konka2_description.egg-info/SOURCES.txt'
writing manifest file '../../build/konka2_description/konka2_description.egg-info/SOURCES.txt'
running build
running build_py
running install
running install_lib
running install_data
copying launch/display_rviz2.launch.py -> /home/konka/data/code/camera_calibration/install/konka2_description/share/konka2_description/launch
copying urdf/konka_calibrated.urdf -> /home/konka/data/code/camera_calibration/install/konka2_description/share/konka2_description/urdf
running install_egg_info
removing '/home/konka/data/code/camera_calibration/install/konka2_description/lib/python3.10/site-packages/konka2_description-0.0.0-py3.10.egg-info' (and everything under it)
Copying ../../build/konka2_description/konka2_description.egg-info to /home/konka/data/code/camera_calibration/install/konka2_description/lib/python3.10/site-packages/konka2_description-0.0.0-py3.10.egg-info
running install_scripts
writing list of installed files to '/home/konka/data/code/camera_calibration/build/konka2_description/install.log'
