[0.396s] [34mcolcon[0m [1;30mDEBUG[0m [32mCommand line arguments: ['/usr/bin/colcon', 'build'][0m
[0.396s] [34mcolcon[0m [1;30mDEBUG[0m [32mParsed command line arguments: Namespace(log_base=None, log_level=None, verb_name='build', build_base='build', install_base='install', merge_install=False, symlink_install=False, test_result_base=None, continue_on_error=False, executor='parallel', parallel_workers=8, event_handlers=None, ignore_user_meta=False, metas=['./colcon.meta'], base_paths=['.'], packages_ignore=None, packages_ignore_regex=None, paths=None, packages_up_to=None, packages_up_to_regex=None, packages_above=None, packages_above_and_dependencies=None, packages_above_depth=None, packages_select_by_dep=None, packages_skip_by_dep=None, packages_skip_up_to=None, packages_select_build_failed=False, packages_skip_build_finished=False, packages_select_test_failures=False, packages_skip_test_passed=False, packages_select=None, packages_skip=None, packages_select_regex=None, packages_skip_regex=None, packages_start=None, packages_end=None, allow_overriding=[], cmake_args=None, cmake_target=None, cmake_target_skip_unavailable=False, cmake_clean_cache=False, cmake_clean_first=False, cmake_force_configure=False, ament_cmake_args=None, catkin_cmake_args=None, catkin_skip_building_tests=False, verb_parser=<colcon_defaults.argument_parser.defaults.DefaultArgumentsDecorator object at 0xffff942013c0>, verb_extension=<colcon_core.verb.build.BuildVerb object at 0xffff94200580>, main=<bound method BuildVerb.main of <colcon_core.verb.build.BuildVerb object at 0xffff94200580>>)[0m
[1.219s] [34mcolcon.colcon_core.package_discovery[0m [1;30mLevel 1[0m discover_packages(colcon_meta) check parameters
[1.220s] [34mcolcon.colcon_core.package_discovery[0m [1;30mLevel 1[0m discover_packages(recursive) check parameters
[1.220s] [34mcolcon.colcon_core.package_discovery[0m [1;30mLevel 1[0m discover_packages(ignore) check parameters
[1.220s] [34mcolcon.colcon_core.package_discovery[0m [1;30mLevel 1[0m discover_packages(path) check parameters
[1.220s] [34mcolcon.colcon_core.package_discovery[0m [1;30mLevel 1[0m discover_packages(colcon_meta) discover
[1.220s] [34mcolcon.colcon_core.package_discovery[0m [1;30mLevel 1[0m discover_packages(recursive) discover
[1.220s] [34mcolcon.colcon_core.package_discovery[0m [1;30mINFO[0m Crawling recursively for packages in '/home/konka/data/code/camera_calibration'
[1.221s] [34mcolcon.colcon_core.package_identification[0m [1;30mLevel 1[0m _identify(.) by extensions ['ignore', 'ignore_ament_install']
[1.221s] [34mcolcon.colcon_core.package_identification[0m [1;30mLevel 1[0m _identify(.) by extension 'ignore'
[1.221s] [34mcolcon.colcon_core.package_identification[0m [1;30mLevel 1[0m _identify(.) by extension 'ignore_ament_install'
[1.221s] [34mcolcon.colcon_core.package_identification[0m [1;30mLevel 1[0m _identify(.) by extensions ['colcon_pkg']
[1.221s] [34mcolcon.colcon_core.package_identification[0m [1;30mLevel 1[0m _identify(.) by extension 'colcon_pkg'
[1.221s] [34mcolcon.colcon_core.package_identification[0m [1;30mLevel 1[0m _identify(.) by extensions ['colcon_meta']
[1.221s] [34mcolcon.colcon_core.package_identification[0m [1;30mLevel 1[0m _identify(.) by extension 'colcon_meta'
[1.222s] [34mcolcon.colcon_core.package_identification[0m [1;30mLevel 1[0m _identify(.) by extensions ['ros']
[1.222s] [34mcolcon.colcon_core.package_identification[0m [1;30mLevel 1[0m _identify(.) by extension 'ros'
[1.250s] [34mcolcon.colcon_core.package_identification[0m [1;30mLevel 1[0m _identify(.) by extensions ['cmake', 'python']
[1.250s] [34mcolcon.colcon_core.package_identification[0m [1;30mLevel 1[0m _identify(.) by extension 'cmake'
[1.250s] [34mcolcon.colcon_core.package_identification[0m [1;30mLevel 1[0m _identify(.) by extension 'python'
[1.250s] [34mcolcon.colcon_core.package_identification[0m [1;30mLevel 1[0m _identify(.) by extensions ['python_setup_py']
[1.250s] [34mcolcon.colcon_core.package_identification[0m [1;30mLevel 1[0m _identify(.) by extension 'python_setup_py'
[1.251s] [34mcolcon.colcon_core.package_identification[0m [1;30mLevel 1[0m _identify(build) by extensions ['ignore', 'ignore_ament_install']
[1.251s] [34mcolcon.colcon_core.package_identification[0m [1;30mLevel 1[0m _identify(build) by extension 'ignore'
[1.251s] [34mcolcon.colcon_core.package_identification[0m [1;30mLevel 1[0m _identify(build) ignored
[1.251s] [34mcolcon.colcon_core.package_identification[0m [1;30mLevel 1[0m _identify(install) by extensions ['ignore', 'ignore_ament_install']
[1.251s] [34mcolcon.colcon_core.package_identification[0m [1;30mLevel 1[0m _identify(install) by extension 'ignore'
[1.251s] [34mcolcon.colcon_core.package_identification[0m [1;30mLevel 1[0m _identify(install) ignored
[1.252s] [34mcolcon.colcon_core.package_identification[0m [1;30mLevel 1[0m _identify(log) by extensions ['ignore', 'ignore_ament_install']
[1.252s] [34mcolcon.colcon_core.package_identification[0m [1;30mLevel 1[0m _identify(log) by extension 'ignore'
[1.252s] [34mcolcon.colcon_core.package_identification[0m [1;30mLevel 1[0m _identify(log) ignored
[1.252s] [34mcolcon.colcon_core.package_identification[0m [1;30mLevel 1[0m _identify(src) by extensions ['ignore', 'ignore_ament_install']
[1.252s] [34mcolcon.colcon_core.package_identification[0m [1;30mLevel 1[0m _identify(src) by extension 'ignore'
[1.252s] [34mcolcon.colcon_core.package_identification[0m [1;30mLevel 1[0m _identify(src) by extension 'ignore_ament_install'
[1.252s] [34mcolcon.colcon_core.package_identification[0m [1;30mLevel 1[0m _identify(src) by extensions ['colcon_pkg']
[1.252s] [34mcolcon.colcon_core.package_identification[0m [1;30mLevel 1[0m _identify(src) by extension 'colcon_pkg'
[1.252s] [34mcolcon.colcon_core.package_identification[0m [1;30mLevel 1[0m _identify(src) by extensions ['colcon_meta']
[1.253s] [34mcolcon.colcon_core.package_identification[0m [1;30mLevel 1[0m _identify(src) by extension 'colcon_meta'
[1.253s] [34mcolcon.colcon_core.package_identification[0m [1;30mLevel 1[0m _identify(src) by extensions ['ros']
[1.253s] [34mcolcon.colcon_core.package_identification[0m [1;30mLevel 1[0m _identify(src) by extension 'ros'
[1.253s] [34mcolcon.colcon_core.package_identification[0m [1;30mLevel 1[0m _identify(src) by extensions ['cmake', 'python']
[1.253s] [34mcolcon.colcon_core.package_identification[0m [1;30mLevel 1[0m _identify(src) by extension 'cmake'
[1.253s] [34mcolcon.colcon_core.package_identification[0m [1;30mLevel 1[0m _identify(src) by extension 'python'
[1.253s] [34mcolcon.colcon_core.package_identification[0m [1;30mLevel 1[0m _identify(src) by extensions ['python_setup_py']
[1.253s] [34mcolcon.colcon_core.package_identification[0m [1;30mLevel 1[0m _identify(src) by extension 'python_setup_py'
[1.253s] [34mcolcon.colcon_core.package_identification[0m [1;30mLevel 1[0m _identify(src/konka2_description) by extensions ['ignore', 'ignore_ament_install']
[1.254s] [34mcolcon.colcon_core.package_identification[0m [1;30mLevel 1[0m _identify(src/konka2_description) by extension 'ignore'
[1.254s] [34mcolcon.colcon_core.package_identification[0m [1;30mLevel 1[0m _identify(src/konka2_description) by extension 'ignore_ament_install'
[1.254s] [34mcolcon.colcon_core.package_identification[0m [1;30mLevel 1[0m _identify(src/konka2_description) by extensions ['colcon_pkg']
[1.254s] [34mcolcon.colcon_core.package_identification[0m [1;30mLevel 1[0m _identify(src/konka2_description) by extension 'colcon_pkg'
[1.254s] [34mcolcon.colcon_core.package_identification[0m [1;30mLevel 1[0m _identify(src/konka2_description) by extensions ['colcon_meta']
[1.254s] [34mcolcon.colcon_core.package_identification[0m [1;30mLevel 1[0m _identify(src/konka2_description) by extension 'colcon_meta'
[1.254s] [34mcolcon.colcon_core.package_identification[0m [1;30mLevel 1[0m _identify(src/konka2_description) by extensions ['ros']
[1.254s] [34mcolcon.colcon_core.package_identification[0m [1;30mLevel 1[0m _identify(src/konka2_description) by extension 'ros'
[1.260s] [34mcolcon.colcon_core.package_identification[0m [1;30mDEBUG[0m [32mPackage 'src/konka2_description' with type 'ros.ament_python' and name 'konka2_description'[0m
[1.261s] [34mcolcon.colcon_core.package_identification[0m [1;30mLevel 1[0m _identify(src/konka_camera_description) by extensions ['ignore', 'ignore_ament_install']
[1.261s] [34mcolcon.colcon_core.package_identification[0m [1;30mLevel 1[0m _identify(src/konka_camera_description) by extension 'ignore'
[1.261s] [34mcolcon.colcon_core.package_identification[0m [1;30mLevel 1[0m _identify(src/konka_camera_description) by extension 'ignore_ament_install'
[1.261s] [34mcolcon.colcon_core.package_identification[0m [1;30mLevel 1[0m _identify(src/konka_camera_description) by extensions ['colcon_pkg']
[1.261s] [34mcolcon.colcon_core.package_identification[0m [1;30mLevel 1[0m _identify(src/konka_camera_description) by extension 'colcon_pkg'
[1.261s] [34mcolcon.colcon_core.package_identification[0m [1;30mLevel 1[0m _identify(src/konka_camera_description) by extensions ['colcon_meta']
[1.261s] [34mcolcon.colcon_core.package_identification[0m [1;30mLevel 1[0m _identify(src/konka_camera_description) by extension 'colcon_meta'
[1.262s] [34mcolcon.colcon_core.package_identification[0m [1;30mLevel 1[0m _identify(src/konka_camera_description) by extensions ['ros']
[1.262s] [34mcolcon.colcon_core.package_identification[0m [1;30mLevel 1[0m _identify(src/konka_camera_description) by extension 'ros'
[1.262s] [34mcolcon.colcon_core.package_identification[0m [1;30mDEBUG[0m [32mPackage 'src/konka_camera_description' with type 'ros.ament_python' and name 'konka_camera_description'[0m
[1.263s] [34mcolcon.colcon_core.package_discovery[0m [1;30mLevel 1[0m discover_packages(recursive) using defaults
[1.263s] [34mcolcon.colcon_core.package_discovery[0m [1;30mLevel 1[0m discover_packages(ignore) discover
[1.263s] [34mcolcon.colcon_core.package_discovery[0m [1;30mLevel 1[0m discover_packages(ignore) using defaults
[1.263s] [34mcolcon.colcon_core.package_discovery[0m [1;30mLevel 1[0m discover_packages(path) discover
[1.263s] [34mcolcon.colcon_core.package_discovery[0m [1;30mLevel 1[0m discover_packages(path) using defaults
[1.308s] [34mcolcon.colcon_core.package_discovery[0m [1;30mLevel 1[0m discover_packages(prefix_path) check parameters
[1.308s] [34mcolcon.colcon_core.package_discovery[0m [1;30mLevel 1[0m discover_packages(prefix_path) discover
[1.324s] [34mcolcon.colcon_installed_package_information.package_discovery[0m [1;30mDEBUG[0m [32mFound 30 installed packages in /home/konka/data/code/navigation_ws/install[0m
[1.326s] [34mcolcon.colcon_installed_package_information.package_discovery[0m [1;30mDEBUG[0m [32mFound 10 installed packages in /home/konka/data/code/driver_ws/install[0m
[1.327s] [34mcolcon.colcon_installed_package_information.package_discovery[0m [1;30mDEBUG[0m [32mFound 11 installed packages in /home/konka/data/code/motion/install[0m
[1.328s] [34mcolcon.colcon_installed_package_information.package_discovery[0m [1;30mDEBUG[0m [32mFound 1 installed packages in /home/konka/install[0m
[1.331s] [34mcolcon.colcon_installed_package_information.package_discovery[0m [1;30mDEBUG[0m [32mFound 378 installed packages in /opt/ros/humble[0m
[1.337s] [34mcolcon.colcon_core.package_discovery[0m [1;30mLevel 1[0m discover_packages(prefix_path) using defaults
[1.475s] [34mcolcon.colcon_core.verb[0m [1;30mLevel 5[0m set package 'konka2_description' build argument 'cmake_args' from command line to 'None'
[1.476s] [34mcolcon.colcon_core.verb[0m [1;30mLevel 5[0m set package 'konka2_description' build argument 'cmake_target' from command line to 'None'
[1.476s] [34mcolcon.colcon_core.verb[0m [1;30mLevel 5[0m set package 'konka2_description' build argument 'cmake_target_skip_unavailable' from command line to 'False'
[1.476s] [34mcolcon.colcon_core.verb[0m [1;30mLevel 5[0m set package 'konka2_description' build argument 'cmake_clean_cache' from command line to 'False'
[1.476s] [34mcolcon.colcon_core.verb[0m [1;30mLevel 5[0m set package 'konka2_description' build argument 'cmake_clean_first' from command line to 'False'
[1.476s] [34mcolcon.colcon_core.verb[0m [1;30mLevel 5[0m set package 'konka2_description' build argument 'cmake_force_configure' from command line to 'False'
[1.476s] [34mcolcon.colcon_core.verb[0m [1;30mLevel 5[0m set package 'konka2_description' build argument 'ament_cmake_args' from command line to 'None'
[1.476s] [34mcolcon.colcon_core.verb[0m [1;30mLevel 5[0m set package 'konka2_description' build argument 'catkin_cmake_args' from command line to 'None'
[1.476s] [34mcolcon.colcon_core.verb[0m [1;30mLevel 5[0m set package 'konka2_description' build argument 'catkin_skip_building_tests' from command line to 'False'
[1.476s] [34mcolcon.colcon_core.verb[0m [1;30mDEBUG[0m [32mBuilding package 'konka2_description' with the following arguments: {'ament_cmake_args': None, 'build_base': '/home/konka/data/code/camera_calibration/build/konka2_description', 'catkin_cmake_args': None, 'catkin_skip_building_tests': False, 'cmake_args': None, 'cmake_clean_cache': False, 'cmake_clean_first': False, 'cmake_force_configure': False, 'cmake_target': None, 'cmake_target_skip_unavailable': False, 'install_base': '/home/konka/data/code/camera_calibration/install/konka2_description', 'merge_install': False, 'path': '/home/konka/data/code/camera_calibration/src/konka2_description', 'symlink_install': False, 'test_result_base': None}[0m
[1.477s] [34mcolcon.colcon_core.verb[0m [1;30mLevel 5[0m set package 'konka_camera_description' build argument 'cmake_args' from command line to 'None'
[1.477s] [34mcolcon.colcon_core.verb[0m [1;30mLevel 5[0m set package 'konka_camera_description' build argument 'cmake_target' from command line to 'None'
[1.477s] [34mcolcon.colcon_core.verb[0m [1;30mLevel 5[0m set package 'konka_camera_description' build argument 'cmake_target_skip_unavailable' from command line to 'False'
[1.477s] [34mcolcon.colcon_core.verb[0m [1;30mLevel 5[0m set package 'konka_camera_description' build argument 'cmake_clean_cache' from command line to 'False'
[1.477s] [34mcolcon.colcon_core.verb[0m [1;30mLevel 5[0m set package 'konka_camera_description' build argument 'cmake_clean_first' from command line to 'False'
[1.477s] [34mcolcon.colcon_core.verb[0m [1;30mLevel 5[0m set package 'konka_camera_description' build argument 'cmake_force_configure' from command line to 'False'
[1.477s] [34mcolcon.colcon_core.verb[0m [1;30mLevel 5[0m set package 'konka_camera_description' build argument 'ament_cmake_args' from command line to 'None'
[1.477s] [34mcolcon.colcon_core.verb[0m [1;30mLevel 5[0m set package 'konka_camera_description' build argument 'catkin_cmake_args' from command line to 'None'
[1.477s] [34mcolcon.colcon_core.verb[0m [1;30mLevel 5[0m set package 'konka_camera_description' build argument 'catkin_skip_building_tests' from command line to 'False'
[1.477s] [34mcolcon.colcon_core.verb[0m [1;30mDEBUG[0m [32mBuilding package 'konka_camera_description' with the following arguments: {'ament_cmake_args': None, 'build_base': '/home/konka/data/code/camera_calibration/build/konka_camera_description', 'catkin_cmake_args': None, 'catkin_skip_building_tests': False, 'cmake_args': None, 'cmake_clean_cache': False, 'cmake_clean_first': False, 'cmake_force_configure': False, 'cmake_target': None, 'cmake_target_skip_unavailable': False, 'install_base': '/home/konka/data/code/camera_calibration/install/konka_camera_description', 'merge_install': False, 'path': '/home/konka/data/code/camera_calibration/src/konka_camera_description', 'symlink_install': False, 'test_result_base': None}[0m
[1.478s] [34mcolcon.colcon_core.executor[0m [1;30mINFO[0m Executing jobs using 'parallel' executor
[1.480s] [34mcolcon.colcon_parallel_executor.executor.parallel[0m [1;30mDEBUG[0m [32mrun_until_complete[0m
[1.480s] [34mcolcon.colcon_ros.task.ament_python.build[0m [1;30mINFO[0m Building ROS package in '/home/konka/data/code/camera_calibration/src/konka2_description' with build type 'ament_python'
[1.481s] [34mcolcon.colcon_core.shell[0m [1;30mLevel 1[0m create_environment_hook('konka2_description', 'ament_prefix_path')
[1.494s] [34mcolcon.colcon_core.plugin_system[0m [1;30mINFO[0m Skipping extension 'colcon_core.shell.bat': Not used on non-Windows systems
[1.495s] [34mcolcon.colcon_core.shell[0m [1;30mINFO[0m Creating environment hook '/home/konka/data/code/camera_calibration/install/konka2_description/share/konka2_description/hook/ament_prefix_path.ps1'
[1.497s] [34mcolcon.colcon_core.shell[0m [1;30mINFO[0m Creating environment descriptor '/home/konka/data/code/camera_calibration/install/konka2_description/share/konka2_description/hook/ament_prefix_path.dsv'
[1.498s] [34mcolcon.colcon_core.shell[0m [1;30mINFO[0m Creating environment hook '/home/konka/data/code/camera_calibration/install/konka2_description/share/konka2_description/hook/ament_prefix_path.sh'
[1.500s] [34mcolcon.colcon_core.shell[0m [1;30mINFO[0m Skip shell extension 'powershell' for command environment: Not usable outside of PowerShell
[1.500s] [34mcolcon.colcon_core.shell[0m [1;30mDEBUG[0m [32mSkip shell extension 'dsv' for command environment[0m
[1.516s] [34mcolcon.colcon_ros.task.ament_python.build[0m [1;30mINFO[0m Building ROS package in '/home/konka/data/code/camera_calibration/src/konka_camera_description' with build type 'ament_python'
[1.516s] [34mcolcon.colcon_core.shell[0m [1;30mLevel 1[0m create_environment_hook('konka_camera_description', 'ament_prefix_path')
[1.517s] [34mcolcon.colcon_core.shell[0m [1;30mINFO[0m Creating environment hook '/home/konka/data/code/camera_calibration/install/konka_camera_description/share/konka_camera_description/hook/ament_prefix_path.ps1'
[1.518s] [34mcolcon.colcon_core.shell[0m [1;30mINFO[0m Creating environment descriptor '/home/konka/data/code/camera_calibration/install/konka_camera_description/share/konka_camera_description/hook/ament_prefix_path.dsv'
[1.519s] [34mcolcon.colcon_core.shell[0m [1;30mINFO[0m Creating environment hook '/home/konka/data/code/camera_calibration/install/konka_camera_description/share/konka_camera_description/hook/ament_prefix_path.sh'
[1.520s] [34mcolcon.colcon_core.shell[0m [1;30mINFO[0m Skip shell extension 'powershell' for command environment: Not usable outside of PowerShell
[1.520s] [34mcolcon.colcon_core.shell[0m [1;30mDEBUG[0m [32mSkip shell extension 'dsv' for command environment[0m
[3.237s] [34mcolcon.colcon_core.task.python.build[0m [1;30mINFO[0m Building Python package in '/home/konka/data/code/camera_calibration/src/konka2_description'
[3.237s] [34mcolcon.colcon_core.shell[0m [1;30mINFO[0m Skip shell extension 'powershell' for command environment: Not usable outside of PowerShell
[3.237s] [34mcolcon.colcon_core.shell[0m [1;30mDEBUG[0m [32mSkip shell extension 'dsv' for command environment[0m
[4.938s] [34mcolcon.colcon_core.task.python.build[0m [1;30mINFO[0m Building Python package in '/home/konka/data/code/camera_calibration/src/konka_camera_description'
[4.939s] [34mcolcon.colcon_core.shell[0m [1;30mINFO[0m Skip shell extension 'powershell' for command environment: Not usable outside of PowerShell
[4.940s] [34mcolcon.colcon_core.shell[0m [1;30mDEBUG[0m [32mSkip shell extension 'dsv' for command environment[0m
[8.063s] [34mcolcon.colcon_core.event_handler.log_command[0m [1;30mDEBUG[0m [32mInvoking command in '/home/konka/data/code/camera_calibration/src/konka2_description': PYTHONPATH=/home/konka/data/code/camera_calibration/build/konka2_description/prefix_override:/usr/lib/python3/dist-packages/colcon_core/task/python/colcon_distutils_commands:/home/konka/data/code/camera_calibration/install/konka2_description/lib/python3.10/site-packages:${PYTHONPATH} /usr/bin/python3 -W ignore:setup.py install is deprecated -W ignore:easy_install command is deprecated setup.py egg_info --egg-base ../../build/konka2_description build --build-base /home/konka/data/code/camera_calibration/build/konka2_description/build install --record /home/konka/data/code/camera_calibration/build/konka2_description/install.log --single-version-externally-managed install_data[0m
[8.078s] [34mcolcon.colcon_core.event_handler.log_command[0m [1;30mDEBUG[0m [32mInvoking command in '/home/konka/data/code/camera_calibration/src/konka_camera_description': PYTHONPATH=/home/konka/data/code/camera_calibration/build/konka_camera_description/prefix_override:/usr/lib/python3/dist-packages/colcon_core/task/python/colcon_distutils_commands:/home/konka/data/code/camera_calibration/install/konka_camera_description/lib/python3.10/site-packages:${PYTHONPATH} /usr/bin/python3 -W ignore:setup.py install is deprecated -W ignore:easy_install command is deprecated setup.py egg_info --egg-base ../../build/konka_camera_description build --build-base /home/konka/data/code/camera_calibration/build/konka_camera_description/build install --record /home/konka/data/code/camera_calibration/build/konka_camera_description/install.log --single-version-externally-managed install_data[0m
[12.225s] [34mcolcon.colcon_core.event_handler.log_command[0m [1;30mDEBUG[0m [32mInvoked command in '/home/konka/data/code/camera_calibration/src/konka_camera_description' returned '0': PYTHONPATH=/home/konka/data/code/camera_calibration/build/konka_camera_description/prefix_override:/usr/lib/python3/dist-packages/colcon_core/task/python/colcon_distutils_commands:/home/konka/data/code/camera_calibration/install/konka_camera_description/lib/python3.10/site-packages:${PYTHONPATH} /usr/bin/python3 -W ignore:setup.py install is deprecated -W ignore:easy_install command is deprecated setup.py egg_info --egg-base ../../build/konka_camera_description build --build-base /home/konka/data/code/camera_calibration/build/konka_camera_description/build install --record /home/konka/data/code/camera_calibration/build/konka_camera_description/install.log --single-version-externally-managed install_data[0m
[12.242s] [34mcolcon.colcon_core.environment[0m [1;30mLevel 1[0m checking '/home/konka/data/code/camera_calibration/install/konka_camera_description' for CMake module files
[12.243s] [34mcolcon.colcon_core.environment[0m [1;30mLevel 1[0m checking '/home/konka/data/code/camera_calibration/install/konka_camera_description' for CMake config files
[12.245s] [34mcolcon.colcon_core.environment[0m [1;30mLevel 1[0m checking '/home/konka/data/code/camera_calibration/install/konka_camera_description/lib'
[12.245s] [34mcolcon.colcon_core.environment[0m [1;30mLevel 1[0m checking '/home/konka/data/code/camera_calibration/install/konka_camera_description/bin'
[12.246s] [34mcolcon.colcon_core.environment[0m [1;30mLevel 1[0m checking '/home/konka/data/code/camera_calibration/install/konka_camera_description/lib/pkgconfig/konka_camera_description.pc'
[12.246s] [34mcolcon.colcon_core.environment[0m [1;30mLevel 1[0m checking '/home/konka/data/code/camera_calibration/install/konka_camera_description/lib/python3.10/site-packages'
[12.246s] [34mcolcon.colcon_core.shell[0m [1;30mLevel 1[0m create_environment_hook('konka_camera_description', 'pythonpath')
[12.247s] [34mcolcon.colcon_core.shell[0m [1;30mINFO[0m Creating environment hook '/home/konka/data/code/camera_calibration/install/konka_camera_description/share/konka_camera_description/hook/pythonpath.ps1'
[12.248s] [34mcolcon.colcon_core.shell[0m [1;30mINFO[0m Creating environment descriptor '/home/konka/data/code/camera_calibration/install/konka_camera_description/share/konka_camera_description/hook/pythonpath.dsv'
[12.249s] [34mcolcon.colcon_core.shell[0m [1;30mINFO[0m Creating environment hook '/home/konka/data/code/camera_calibration/install/konka_camera_description/share/konka_camera_description/hook/pythonpath.sh'
[12.250s] [34mcolcon.colcon_core.environment[0m [1;30mLevel 1[0m checking '/home/konka/data/code/camera_calibration/install/konka_camera_description/bin'
[12.250s] [34mcolcon.colcon_core.environment[0m [1;30mLevel 1[0m create_environment_scripts_only(konka_camera_description)
[12.251s] [34mcolcon.colcon_core.shell[0m [1;30mINFO[0m Creating package script '/home/konka/data/code/camera_calibration/install/konka_camera_description/share/konka_camera_description/package.ps1'
[12.254s] [34mcolcon.colcon_core.shell[0m [1;30mINFO[0m Creating package descriptor '/home/konka/data/code/camera_calibration/install/konka_camera_description/share/konka_camera_description/package.dsv'
[12.257s] [34mcolcon.colcon_core.shell[0m [1;30mINFO[0m Creating package script '/home/konka/data/code/camera_calibration/install/konka_camera_description/share/konka_camera_description/package.sh'
[12.260s] [34mcolcon.colcon_core.shell[0m [1;30mINFO[0m Creating package script '/home/konka/data/code/camera_calibration/install/konka_camera_description/share/konka_camera_description/package.bash'
[12.263s] [34mcolcon.colcon_core.shell[0m [1;30mINFO[0m Creating package script '/home/konka/data/code/camera_calibration/install/konka_camera_description/share/konka_camera_description/package.zsh'
[12.267s] [34mcolcon.colcon_core.environment[0m [1;30mLevel 1[0m create_file_with_runtime_dependencies(/home/konka/data/code/camera_calibration/install/konka_camera_description/share/colcon-core/packages/konka_camera_description)
[12.271s] [34mcolcon.colcon_core.environment[0m [1;30mLevel 1[0m checking '/home/konka/data/code/camera_calibration/install/konka2_description' for CMake module files
[12.272s] [34mcolcon.colcon_core.event_handler.log_command[0m [1;30mDEBUG[0m [32mInvoked command in '/home/konka/data/code/camera_calibration/src/konka2_description' returned '0': PYTHONPATH=/home/konka/data/code/camera_calibration/build/konka2_description/prefix_override:/usr/lib/python3/dist-packages/colcon_core/task/python/colcon_distutils_commands:/home/konka/data/code/camera_calibration/install/konka2_description/lib/python3.10/site-packages:${PYTHONPATH} /usr/bin/python3 -W ignore:setup.py install is deprecated -W ignore:easy_install command is deprecated setup.py egg_info --egg-base ../../build/konka2_description build --build-base /home/konka/data/code/camera_calibration/build/konka2_description/build install --record /home/konka/data/code/camera_calibration/build/konka2_description/install.log --single-version-externally-managed install_data[0m
[12.273s] [34mcolcon.colcon_core.environment[0m [1;30mLevel 1[0m checking '/home/konka/data/code/camera_calibration/install/konka2_description' for CMake config files
[12.274s] [34mcolcon.colcon_core.environment[0m [1;30mLevel 1[0m checking '/home/konka/data/code/camera_calibration/install/konka2_description/lib'
[12.274s] [34mcolcon.colcon_core.environment[0m [1;30mLevel 1[0m checking '/home/konka/data/code/camera_calibration/install/konka2_description/bin'
[12.274s] [34mcolcon.colcon_core.environment[0m [1;30mLevel 1[0m checking '/home/konka/data/code/camera_calibration/install/konka2_description/lib/pkgconfig/konka2_description.pc'
[12.275s] [34mcolcon.colcon_core.environment[0m [1;30mLevel 1[0m checking '/home/konka/data/code/camera_calibration/install/konka2_description/lib/python3.10/site-packages'
[12.275s] [34mcolcon.colcon_core.shell[0m [1;30mLevel 1[0m create_environment_hook('konka2_description', 'pythonpath')
[12.275s] [34mcolcon.colcon_core.shell[0m [1;30mINFO[0m Creating environment hook '/home/konka/data/code/camera_calibration/install/konka2_description/share/konka2_description/hook/pythonpath.ps1'
[12.276s] [34mcolcon.colcon_core.shell[0m [1;30mINFO[0m Creating environment descriptor '/home/konka/data/code/camera_calibration/install/konka2_description/share/konka2_description/hook/pythonpath.dsv'
[12.277s] [34mcolcon.colcon_core.shell[0m [1;30mINFO[0m Creating environment hook '/home/konka/data/code/camera_calibration/install/konka2_description/share/konka2_description/hook/pythonpath.sh'
[12.278s] [34mcolcon.colcon_core.environment[0m [1;30mLevel 1[0m checking '/home/konka/data/code/camera_calibration/install/konka2_description/bin'
[12.278s] [34mcolcon.colcon_core.environment[0m [1;30mLevel 1[0m create_environment_scripts_only(konka2_description)
[12.279s] [34mcolcon.colcon_core.shell[0m [1;30mINFO[0m Creating package script '/home/konka/data/code/camera_calibration/install/konka2_description/share/konka2_description/package.ps1'
[12.280s] [34mcolcon.colcon_core.shell[0m [1;30mINFO[0m Creating package descriptor '/home/konka/data/code/camera_calibration/install/konka2_description/share/konka2_description/package.dsv'
[12.282s] [34mcolcon.colcon_core.shell[0m [1;30mINFO[0m Creating package script '/home/konka/data/code/camera_calibration/install/konka2_description/share/konka2_description/package.sh'
[12.283s] [34mcolcon.colcon_core.shell[0m [1;30mINFO[0m Creating package script '/home/konka/data/code/camera_calibration/install/konka2_description/share/konka2_description/package.bash'
[12.285s] [34mcolcon.colcon_core.shell[0m [1;30mINFO[0m Creating package script '/home/konka/data/code/camera_calibration/install/konka2_description/share/konka2_description/package.zsh'
[12.286s] [34mcolcon.colcon_core.environment[0m [1;30mLevel 1[0m create_file_with_runtime_dependencies(/home/konka/data/code/camera_calibration/install/konka2_description/share/colcon-core/packages/konka2_description)
[12.287s] [34mcolcon.colcon_parallel_executor.executor.parallel[0m [1;30mDEBUG[0m [32mclosing loop[0m
[12.288s] [34mcolcon.colcon_parallel_executor.executor.parallel[0m [1;30mDEBUG[0m [32mloop closed[0m
[12.289s] [34mcolcon.colcon_parallel_executor.executor.parallel[0m [1;30mDEBUG[0m [32mrun_until_complete finished with '0'[0m
[12.289s] [34mcolcon.colcon_core.event_reactor[0m [1;30mDEBUG[0m [32mjoining thread[0m
[12.312s] [34mcolcon.colcon_core.plugin_system[0m [1;30mINFO[0m Skipping extension 'colcon_notification.desktop_notification.terminal_notifier': Not used on non-Darwin systems
[12.313s] [34mcolcon.colcon_core.plugin_system[0m [1;30mINFO[0m Skipping extension 'colcon_notification.desktop_notification.win32': Not used on non-Windows systems
[12.313s] [34mcolcon.colcon_notification.desktop_notification[0m [1;30mINFO[0m Sending desktop notification using 'notify2'
[12.360s] [34mcolcon.colcon_core.event_reactor[0m [1;30mDEBUG[0m [32mjoined thread[0m
[12.361s] [34mcolcon.colcon_core.shell[0m [1;30mINFO[0m Creating prefix script '/home/konka/data/code/camera_calibration/install/local_setup.ps1'
[12.366s] [34mcolcon.colcon_core.shell[0m [1;30mINFO[0m Creating prefix util module '/home/konka/data/code/camera_calibration/install/_local_setup_util_ps1.py'
[12.370s] [34mcolcon.colcon_core.shell[0m [1;30mINFO[0m Creating prefix chain script '/home/konka/data/code/camera_calibration/install/setup.ps1'
[12.380s] [34mcolcon.colcon_core.shell[0m [1;30mINFO[0m Creating prefix script '/home/konka/data/code/camera_calibration/install/local_setup.sh'
[12.382s] [34mcolcon.colcon_core.shell[0m [1;30mINFO[0m Creating prefix util module '/home/konka/data/code/camera_calibration/install/_local_setup_util_sh.py'
[12.383s] [34mcolcon.colcon_core.shell[0m [1;30mINFO[0m Creating prefix chain script '/home/konka/data/code/camera_calibration/install/setup.sh'
[12.390s] [34mcolcon.colcon_core.shell[0m [1;30mINFO[0m Creating prefix script '/home/konka/data/code/camera_calibration/install/local_setup.bash'
[12.392s] [34mcolcon.colcon_core.shell[0m [1;30mINFO[0m Creating prefix chain script '/home/konka/data/code/camera_calibration/install/setup.bash'
[12.401s] [34mcolcon.colcon_core.shell[0m [1;30mINFO[0m Creating prefix script '/home/konka/data/code/camera_calibration/install/local_setup.zsh'
[12.402s] [34mcolcon.colcon_core.shell[0m [1;30mINFO[0m Creating prefix chain script '/home/konka/data/code/camera_calibration/install/setup.zsh'
