[6.365s] Invoking command in '/home/konka/data/code/camera_calibration/src/konka2_description': PYTHONPATH=/home/konka/data/code/camera_calibration/build/konka2_description/prefix_override:/usr/lib/python3/dist-packages/colcon_core/task/python/colcon_distutils_commands:/home/konka/data/code/camera_calibration/install/konka2_description/lib/python3.10/site-packages:${PYTHONPATH} /usr/bin/python3 -W ignore:setup.py install is deprecated -W ignore:easy_install command is deprecated setup.py egg_info --egg-base ../../build/konka2_description build --build-base /home/konka/data/code/camera_calibration/build/konka2_description/build install --record /home/konka/data/code/camera_calibration/build/konka2_description/install.log --single-version-externally-managed install_data
[8.312s] running egg_info
[8.446s] writing ../../build/konka2_description/konka2_description.egg-info/PKG-INFO
[8.530s] writing dependency_links to ../../build/konka2_description/konka2_description.egg-info/dependency_links.txt
[8.946s] writing requirements to ../../build/konka2_description/konka2_description.egg-info/requires.txt
[9.030s] writing top-level names to ../../build/konka2_description/konka2_description.egg-info/top_level.txt
[9.343s] ERROR setuptools_scm._file_finders.git listing git files failed - pretending there aren't any
[9.345s] reading manifest file '../../build/konka2_description/konka2_description.egg-info/SOURCES.txt'
[9.347s] writing manifest file '../../build/konka2_description/konka2_description.egg-info/SOURCES.txt'
[9.348s] running build
[9.525s] running build_py
[9.525s] running install
[9.535s] running install_lib
[9.668s] running install_data
[9.669s] copying urdf/konka_without_head_camera.urdf -> /home/konka/data/code/camera_calibration/install/konka2_description/share/konka2_description/urdf
[9.669s] running install_egg_info
[9.801s] removing '/home/konka/data/code/camera_calibration/install/konka2_description/lib/python3.10/site-packages/konka2_description-0.0.0-py3.10.egg-info' (and everything under it)
[9.801s] Copying ../../build/konka2_description/konka2_description.egg-info to /home/konka/data/code/camera_calibration/install/konka2_description/lib/python3.10/site-packages/konka2_description-0.0.0-py3.10.egg-info
[9.803s] running install_scripts
[10.109s] writing list of installed files to '/home/konka/data/code/camera_calibration/build/konka2_description/install.log'
[10.241s] Invoked command in '/home/konka/data/code/camera_calibration/src/konka2_description' returned '0': PYTHONPATH=/home/konka/data/code/camera_calibration/build/konka2_description/prefix_override:/usr/lib/python3/dist-packages/colcon_core/task/python/colcon_distutils_commands:/home/konka/data/code/camera_calibration/install/konka2_description/lib/python3.10/site-packages:${PYTHONPATH} /usr/bin/python3 -W ignore:setup.py install is deprecated -W ignore:easy_install command is deprecated setup.py egg_info --egg-base ../../build/konka2_description build --build-base /home/konka/data/code/camera_calibration/build/konka2_description/build install --record /home/konka/data/code/camera_calibration/build/konka2_description/install.log --single-version-externally-managed install_data
