[0.262s] [34mcolcon[0m [1;30mDEBUG[0m [32mCommand line arguments: ['/usr/bin/colcon', 'build'][0m
[0.263s] [34mcolcon[0m [1;30mDEBUG[0m [32mParsed command line arguments: Namespace(log_base=None, log_level=None, verb_name='build', build_base='build', install_base='install', merge_install=False, symlink_install=False, test_result_base=None, continue_on_error=False, executor='parallel', parallel_workers=8, event_handlers=None, ignore_user_meta=False, metas=['./colcon.meta'], base_paths=['.'], packages_ignore=None, packages_ignore_regex=None, paths=None, packages_up_to=None, packages_up_to_regex=None, packages_above=None, packages_above_and_dependencies=None, packages_above_depth=None, packages_select_by_dep=None, packages_skip_by_dep=None, packages_skip_up_to=None, packages_select_build_failed=False, packages_skip_build_finished=False, packages_select_test_failures=False, packages_skip_test_passed=False, packages_select=None, packages_skip=None, packages_select_regex=None, packages_skip_regex=None, packages_start=None, packages_end=None, allow_overriding=[], cmake_args=None, cmake_target=None, cmake_target_skip_unavailable=False, cmake_clean_cache=False, cmake_clean_first=False, cmake_force_configure=False, ament_cmake_args=None, catkin_cmake_args=None, catkin_skip_building_tests=False, verb_parser=<colcon_defaults.argument_parser.defaults.DefaultArgumentsDecorator object at 0xffff931a13c0>, verb_extension=<colcon_core.verb.build.BuildVerb object at 0xffff931a0580>, main=<bound method BuildVerb.main of <colcon_core.verb.build.BuildVerb object at 0xffff931a0580>>)[0m
[0.787s] [34mcolcon.colcon_core.package_discovery[0m [1;30mLevel 1[0m discover_packages(colcon_meta) check parameters
[0.788s] [34mcolcon.colcon_core.package_discovery[0m [1;30mLevel 1[0m discover_packages(recursive) check parameters
[0.788s] [34mcolcon.colcon_core.package_discovery[0m [1;30mLevel 1[0m discover_packages(ignore) check parameters
[0.788s] [34mcolcon.colcon_core.package_discovery[0m [1;30mLevel 1[0m discover_packages(path) check parameters
[0.788s] [34mcolcon.colcon_core.package_discovery[0m [1;30mLevel 1[0m discover_packages(colcon_meta) discover
[0.788s] [34mcolcon.colcon_core.package_discovery[0m [1;30mLevel 1[0m discover_packages(recursive) discover
[0.788s] [34mcolcon.colcon_core.package_discovery[0m [1;30mINFO[0m Crawling recursively for packages in '/home/konka/data/code/camera_calibration'
[0.788s] [34mcolcon.colcon_core.package_identification[0m [1;30mLevel 1[0m _identify(.) by extensions ['ignore', 'ignore_ament_install']
[0.789s] [34mcolcon.colcon_core.package_identification[0m [1;30mLevel 1[0m _identify(.) by extension 'ignore'
[0.789s] [34mcolcon.colcon_core.package_identification[0m [1;30mLevel 1[0m _identify(.) by extension 'ignore_ament_install'
[0.789s] [34mcolcon.colcon_core.package_identification[0m [1;30mLevel 1[0m _identify(.) by extensions ['colcon_pkg']
[0.789s] [34mcolcon.colcon_core.package_identification[0m [1;30mLevel 1[0m _identify(.) by extension 'colcon_pkg'
[0.789s] [34mcolcon.colcon_core.package_identification[0m [1;30mLevel 1[0m _identify(.) by extensions ['colcon_meta']
[0.789s] [34mcolcon.colcon_core.package_identification[0m [1;30mLevel 1[0m _identify(.) by extension 'colcon_meta'
[0.789s] [34mcolcon.colcon_core.package_identification[0m [1;30mLevel 1[0m _identify(.) by extensions ['ros']
[0.789s] [34mcolcon.colcon_core.package_identification[0m [1;30mLevel 1[0m _identify(.) by extension 'ros'
[0.814s] [34mcolcon.colcon_core.package_identification[0m [1;30mLevel 1[0m _identify(.) by extensions ['cmake', 'python']
[0.814s] [34mcolcon.colcon_core.package_identification[0m [1;30mLevel 1[0m _identify(.) by extension 'cmake'
[0.814s] [34mcolcon.colcon_core.package_identification[0m [1;30mLevel 1[0m _identify(.) by extension 'python'
[0.814s] [34mcolcon.colcon_core.package_identification[0m [1;30mLevel 1[0m _identify(.) by extensions ['python_setup_py']
[0.814s] [34mcolcon.colcon_core.package_identification[0m [1;30mLevel 1[0m _identify(.) by extension 'python_setup_py'
[0.815s] [34mcolcon.colcon_core.package_identification[0m [1;30mLevel 1[0m _identify(build) by extensions ['ignore', 'ignore_ament_install']
[0.815s] [34mcolcon.colcon_core.package_identification[0m [1;30mLevel 1[0m _identify(build) by extension 'ignore'
[0.815s] [34mcolcon.colcon_core.package_identification[0m [1;30mLevel 1[0m _identify(build) ignored
[0.815s] [34mcolcon.colcon_core.package_identification[0m [1;30mLevel 1[0m _identify(install) by extensions ['ignore', 'ignore_ament_install']
[0.815s] [34mcolcon.colcon_core.package_identification[0m [1;30mLevel 1[0m _identify(install) by extension 'ignore'
[0.816s] [34mcolcon.colcon_core.package_identification[0m [1;30mLevel 1[0m _identify(install) ignored
[0.816s] [34mcolcon.colcon_core.package_identification[0m [1;30mLevel 1[0m _identify(log) by extensions ['ignore', 'ignore_ament_install']
[0.816s] [34mcolcon.colcon_core.package_identification[0m [1;30mLevel 1[0m _identify(log) by extension 'ignore'
[0.816s] [34mcolcon.colcon_core.package_identification[0m [1;30mLevel 1[0m _identify(log) ignored
[0.816s] [34mcolcon.colcon_core.package_identification[0m [1;30mLevel 1[0m _identify(src) by extensions ['ignore', 'ignore_ament_install']
[0.816s] [34mcolcon.colcon_core.package_identification[0m [1;30mLevel 1[0m _identify(src) by extension 'ignore'
[0.816s] [34mcolcon.colcon_core.package_identification[0m [1;30mLevel 1[0m _identify(src) by extension 'ignore_ament_install'
[0.816s] [34mcolcon.colcon_core.package_identification[0m [1;30mLevel 1[0m _identify(src) by extensions ['colcon_pkg']
[0.817s] [34mcolcon.colcon_core.package_identification[0m [1;30mLevel 1[0m _identify(src) by extension 'colcon_pkg'
[0.817s] [34mcolcon.colcon_core.package_identification[0m [1;30mLevel 1[0m _identify(src) by extensions ['colcon_meta']
[0.817s] [34mcolcon.colcon_core.package_identification[0m [1;30mLevel 1[0m _identify(src) by extension 'colcon_meta'
[0.817s] [34mcolcon.colcon_core.package_identification[0m [1;30mLevel 1[0m _identify(src) by extensions ['ros']
[0.817s] [34mcolcon.colcon_core.package_identification[0m [1;30mLevel 1[0m _identify(src) by extension 'ros'
[0.817s] [34mcolcon.colcon_core.package_identification[0m [1;30mLevel 1[0m _identify(src) by extensions ['cmake', 'python']
[0.817s] [34mcolcon.colcon_core.package_identification[0m [1;30mLevel 1[0m _identify(src) by extension 'cmake'
[0.817s] [34mcolcon.colcon_core.package_identification[0m [1;30mLevel 1[0m _identify(src) by extension 'python'
[0.817s] [34mcolcon.colcon_core.package_identification[0m [1;30mLevel 1[0m _identify(src) by extensions ['python_setup_py']
[0.817s] [34mcolcon.colcon_core.package_identification[0m [1;30mLevel 1[0m _identify(src) by extension 'python_setup_py'
[0.817s] [34mcolcon.colcon_core.package_identification[0m [1;30mLevel 1[0m _identify(src/konka2_description) by extensions ['ignore', 'ignore_ament_install']
[0.818s] [34mcolcon.colcon_core.package_identification[0m [1;30mLevel 1[0m _identify(src/konka2_description) by extension 'ignore'
[0.818s] [34mcolcon.colcon_core.package_identification[0m [1;30mLevel 1[0m _identify(src/konka2_description) by extension 'ignore_ament_install'
[0.818s] [34mcolcon.colcon_core.package_identification[0m [1;30mLevel 1[0m _identify(src/konka2_description) by extensions ['colcon_pkg']
[0.818s] [34mcolcon.colcon_core.package_identification[0m [1;30mLevel 1[0m _identify(src/konka2_description) by extension 'colcon_pkg'
[0.818s] [34mcolcon.colcon_core.package_identification[0m [1;30mLevel 1[0m _identify(src/konka2_description) by extensions ['colcon_meta']
[0.818s] [34mcolcon.colcon_core.package_identification[0m [1;30mLevel 1[0m _identify(src/konka2_description) by extension 'colcon_meta'
[0.818s] [34mcolcon.colcon_core.package_identification[0m [1;30mLevel 1[0m _identify(src/konka2_description) by extensions ['ros']
[0.818s] [34mcolcon.colcon_core.package_identification[0m [1;30mLevel 1[0m _identify(src/konka2_description) by extension 'ros'
[0.823s] [34mcolcon.colcon_core.package_identification[0m [1;30mDEBUG[0m [32mPackage 'src/konka2_description' with type 'ros.ament_python' and name 'konka2_description'[0m
[0.823s] [34mcolcon.colcon_core.package_identification[0m [1;30mLevel 1[0m _identify(src/konka_camera_description) by extensions ['ignore', 'ignore_ament_install']
[0.824s] [34mcolcon.colcon_core.package_identification[0m [1;30mLevel 1[0m _identify(src/konka_camera_description) by extension 'ignore'
[0.824s] [34mcolcon.colcon_core.package_identification[0m [1;30mLevel 1[0m _identify(src/konka_camera_description) by extension 'ignore_ament_install'
[0.824s] [34mcolcon.colcon_core.package_identification[0m [1;30mLevel 1[0m _identify(src/konka_camera_description) by extensions ['colcon_pkg']
[0.824s] [34mcolcon.colcon_core.package_identification[0m [1;30mLevel 1[0m _identify(src/konka_camera_description) by extension 'colcon_pkg'
[0.824s] [34mcolcon.colcon_core.package_identification[0m [1;30mLevel 1[0m _identify(src/konka_camera_description) by extensions ['colcon_meta']
[0.824s] [34mcolcon.colcon_core.package_identification[0m [1;30mLevel 1[0m _identify(src/konka_camera_description) by extension 'colcon_meta'
[0.824s] [34mcolcon.colcon_core.package_identification[0m [1;30mLevel 1[0m _identify(src/konka_camera_description) by extensions ['ros']
[0.824s] [34mcolcon.colcon_core.package_identification[0m [1;30mLevel 1[0m _identify(src/konka_camera_description) by extension 'ros'
[0.825s] [34mcolcon.colcon_core.package_identification[0m [1;30mDEBUG[0m [32mPackage 'src/konka_camera_description' with type 'ros.ament_python' and name 'konka_camera_description'[0m
[0.825s] [34mcolcon.colcon_core.package_discovery[0m [1;30mLevel 1[0m discover_packages(recursive) using defaults
[0.825s] [34mcolcon.colcon_core.package_discovery[0m [1;30mLevel 1[0m discover_packages(ignore) discover
[0.826s] [34mcolcon.colcon_core.package_discovery[0m [1;30mLevel 1[0m discover_packages(ignore) using defaults
[0.826s] [34mcolcon.colcon_core.package_discovery[0m [1;30mLevel 1[0m discover_packages(path) discover
[0.826s] [34mcolcon.colcon_core.package_discovery[0m [1;30mLevel 1[0m discover_packages(path) using defaults
[0.861s] [34mcolcon.colcon_core.package_discovery[0m [1;30mLevel 1[0m discover_packages(prefix_path) check parameters
[0.862s] [34mcolcon.colcon_core.package_discovery[0m [1;30mLevel 1[0m discover_packages(prefix_path) discover
[0.870s] [34mcolcon.colcon_installed_package_information.package_discovery[0m [1;30mDEBUG[0m [32mFound 30 installed packages in /home/konka/data/code/navigation_ws/install[0m
[0.872s] [34mcolcon.colcon_installed_package_information.package_discovery[0m [1;30mDEBUG[0m [32mFound 10 installed packages in /home/konka/data/code/driver_ws/install[0m
[0.873s] [34mcolcon.colcon_installed_package_information.package_discovery[0m [1;30mDEBUG[0m [32mFound 11 installed packages in /home/konka/data/code/motion/install[0m
[0.874s] [34mcolcon.colcon_installed_package_information.package_discovery[0m [1;30mDEBUG[0m [32mFound 1 installed packages in /home/konka/install[0m
[0.877s] [34mcolcon.colcon_installed_package_information.package_discovery[0m [1;30mDEBUG[0m [32mFound 378 installed packages in /opt/ros/humble[0m
[0.883s] [34mcolcon.colcon_core.package_discovery[0m [1;30mLevel 1[0m discover_packages(prefix_path) using defaults
[0.979s] [34mcolcon.colcon_core.verb[0m [1;30mLevel 5[0m set package 'konka2_description' build argument 'cmake_args' from command line to 'None'
[0.980s] [34mcolcon.colcon_core.verb[0m [1;30mLevel 5[0m set package 'konka2_description' build argument 'cmake_target' from command line to 'None'
[0.980s] [34mcolcon.colcon_core.verb[0m [1;30mLevel 5[0m set package 'konka2_description' build argument 'cmake_target_skip_unavailable' from command line to 'False'
[0.980s] [34mcolcon.colcon_core.verb[0m [1;30mLevel 5[0m set package 'konka2_description' build argument 'cmake_clean_cache' from command line to 'False'
[0.980s] [34mcolcon.colcon_core.verb[0m [1;30mLevel 5[0m set package 'konka2_description' build argument 'cmake_clean_first' from command line to 'False'
[0.980s] [34mcolcon.colcon_core.verb[0m [1;30mLevel 5[0m set package 'konka2_description' build argument 'cmake_force_configure' from command line to 'False'
[0.980s] [34mcolcon.colcon_core.verb[0m [1;30mLevel 5[0m set package 'konka2_description' build argument 'ament_cmake_args' from command line to 'None'
[0.980s] [34mcolcon.colcon_core.verb[0m [1;30mLevel 5[0m set package 'konka2_description' build argument 'catkin_cmake_args' from command line to 'None'
[0.980s] [34mcolcon.colcon_core.verb[0m [1;30mLevel 5[0m set package 'konka2_description' build argument 'catkin_skip_building_tests' from command line to 'False'
[0.980s] [34mcolcon.colcon_core.verb[0m [1;30mDEBUG[0m [32mBuilding package 'konka2_description' with the following arguments: {'ament_cmake_args': None, 'build_base': '/home/konka/data/code/camera_calibration/build/konka2_description', 'catkin_cmake_args': None, 'catkin_skip_building_tests': False, 'cmake_args': None, 'cmake_clean_cache': False, 'cmake_clean_first': False, 'cmake_force_configure': False, 'cmake_target': None, 'cmake_target_skip_unavailable': False, 'install_base': '/home/konka/data/code/camera_calibration/install/konka2_description', 'merge_install': False, 'path': '/home/konka/data/code/camera_calibration/src/konka2_description', 'symlink_install': False, 'test_result_base': None}[0m
[0.981s] [34mcolcon.colcon_core.verb[0m [1;30mLevel 5[0m set package 'konka_camera_description' build argument 'cmake_args' from command line to 'None'
[0.981s] [34mcolcon.colcon_core.verb[0m [1;30mLevel 5[0m set package 'konka_camera_description' build argument 'cmake_target' from command line to 'None'
[0.981s] [34mcolcon.colcon_core.verb[0m [1;30mLevel 5[0m set package 'konka_camera_description' build argument 'cmake_target_skip_unavailable' from command line to 'False'
[0.981s] [34mcolcon.colcon_core.verb[0m [1;30mLevel 5[0m set package 'konka_camera_description' build argument 'cmake_clean_cache' from command line to 'False'
[0.981s] [34mcolcon.colcon_core.verb[0m [1;30mLevel 5[0m set package 'konka_camera_description' build argument 'cmake_clean_first' from command line to 'False'
[0.981s] [34mcolcon.colcon_core.verb[0m [1;30mLevel 5[0m set package 'konka_camera_description' build argument 'cmake_force_configure' from command line to 'False'
[0.981s] [34mcolcon.colcon_core.verb[0m [1;30mLevel 5[0m set package 'konka_camera_description' build argument 'ament_cmake_args' from command line to 'None'
[0.981s] [34mcolcon.colcon_core.verb[0m [1;30mLevel 5[0m set package 'konka_camera_description' build argument 'catkin_cmake_args' from command line to 'None'
[0.981s] [34mcolcon.colcon_core.verb[0m [1;30mLevel 5[0m set package 'konka_camera_description' build argument 'catkin_skip_building_tests' from command line to 'False'
[0.981s] [34mcolcon.colcon_core.verb[0m [1;30mDEBUG[0m [32mBuilding package 'konka_camera_description' with the following arguments: {'ament_cmake_args': None, 'build_base': '/home/konka/data/code/camera_calibration/build/konka_camera_description', 'catkin_cmake_args': None, 'catkin_skip_building_tests': False, 'cmake_args': None, 'cmake_clean_cache': False, 'cmake_clean_first': False, 'cmake_force_configure': False, 'cmake_target': None, 'cmake_target_skip_unavailable': False, 'install_base': '/home/konka/data/code/camera_calibration/install/konka_camera_description', 'merge_install': False, 'path': '/home/konka/data/code/camera_calibration/src/konka_camera_description', 'symlink_install': False, 'test_result_base': None}[0m
[0.982s] [34mcolcon.colcon_core.executor[0m [1;30mINFO[0m Executing jobs using 'parallel' executor
[0.984s] [34mcolcon.colcon_parallel_executor.executor.parallel[0m [1;30mDEBUG[0m [32mrun_until_complete[0m
[0.985s] [34mcolcon.colcon_ros.task.ament_python.build[0m [1;30mINFO[0m Building ROS package in '/home/konka/data/code/camera_calibration/src/konka2_description' with build type 'ament_python'
[0.985s] [34mcolcon.colcon_core.shell[0m [1;30mLevel 1[0m create_environment_hook('konka2_description', 'ament_prefix_path')
[0.990s] [34mcolcon.colcon_core.plugin_system[0m [1;30mINFO[0m Skipping extension 'colcon_core.shell.bat': Not used on non-Windows systems
[0.990s] [34mcolcon.colcon_core.shell[0m [1;30mINFO[0m Creating environment hook '/home/konka/data/code/camera_calibration/install/konka2_description/share/konka2_description/hook/ament_prefix_path.ps1'
[0.992s] [34mcolcon.colcon_core.shell[0m [1;30mINFO[0m Creating environment descriptor '/home/konka/data/code/camera_calibration/install/konka2_description/share/konka2_description/hook/ament_prefix_path.dsv'
[0.993s] [34mcolcon.colcon_core.shell[0m [1;30mINFO[0m Creating environment hook '/home/konka/data/code/camera_calibration/install/konka2_description/share/konka2_description/hook/ament_prefix_path.sh'
[0.994s] [34mcolcon.colcon_core.shell[0m [1;30mINFO[0m Skip shell extension 'powershell' for command environment: Not usable outside of PowerShell
[0.994s] [34mcolcon.colcon_core.shell[0m [1;30mDEBUG[0m [32mSkip shell extension 'dsv' for command environment[0m
[1.010s] [34mcolcon.colcon_ros.task.ament_python.build[0m [1;30mINFO[0m Building ROS package in '/home/konka/data/code/camera_calibration/src/konka_camera_description' with build type 'ament_python'
[1.012s] [34mcolcon.colcon_core.shell[0m [1;30mLevel 1[0m create_environment_hook('konka_camera_description', 'ament_prefix_path')
[1.013s] [34mcolcon.colcon_core.shell[0m [1;30mINFO[0m Creating environment hook '/home/konka/data/code/camera_calibration/install/konka_camera_description/share/konka_camera_description/hook/ament_prefix_path.ps1'
[1.015s] [34mcolcon.colcon_core.shell[0m [1;30mINFO[0m Creating environment descriptor '/home/konka/data/code/camera_calibration/install/konka_camera_description/share/konka_camera_description/hook/ament_prefix_path.dsv'
[1.015s] [34mcolcon.colcon_core.shell[0m [1;30mINFO[0m Creating environment hook '/home/konka/data/code/camera_calibration/install/konka_camera_description/share/konka_camera_description/hook/ament_prefix_path.sh'
[1.017s] [34mcolcon.colcon_core.shell[0m [1;30mINFO[0m Skip shell extension 'powershell' for command environment: Not usable outside of PowerShell
[1.017s] [34mcolcon.colcon_core.shell[0m [1;30mDEBUG[0m [32mSkip shell extension 'dsv' for command environment[0m
[2.729s] [34mcolcon.colcon_core.task.python.build[0m [1;30mINFO[0m Building Python package in '/home/konka/data/code/camera_calibration/src/konka2_description'
[2.730s] [34mcolcon.colcon_core.shell[0m [1;30mINFO[0m Skip shell extension 'powershell' for command environment: Not usable outside of PowerShell
[2.730s] [34mcolcon.colcon_core.shell[0m [1;30mDEBUG[0m [32mSkip shell extension 'dsv' for command environment[0m
[4.478s] [34mcolcon.colcon_core.task.python.build[0m [1;30mINFO[0m Building Python package in '/home/konka/data/code/camera_calibration/src/konka_camera_description'
[4.479s] [34mcolcon.colcon_core.shell[0m [1;30mINFO[0m Skip shell extension 'powershell' for command environment: Not usable outside of PowerShell
[4.479s] [34mcolcon.colcon_core.shell[0m [1;30mDEBUG[0m [32mSkip shell extension 'dsv' for command environment[0m
[7.330s] [34mcolcon.colcon_core.event_handler.log_command[0m [1;30mDEBUG[0m [32mInvoking command in '/home/konka/data/code/camera_calibration/src/konka_camera_description': PYTHONPATH=/home/konka/data/code/camera_calibration/build/konka_camera_description/prefix_override:/usr/lib/python3/dist-packages/colcon_core/task/python/colcon_distutils_commands:/home/konka/data/code/camera_calibration/install/konka_camera_description/lib/python3.10/site-packages:${PYTHONPATH} /usr/bin/python3 -W ignore:setup.py install is deprecated -W ignore:easy_install command is deprecated setup.py egg_info --egg-base ../../build/konka_camera_description build --build-base /home/konka/data/code/camera_calibration/build/konka_camera_description/build install --record /home/konka/data/code/camera_calibration/build/konka_camera_description/install.log --single-version-externally-managed install_data[0m
[7.350s] [34mcolcon.colcon_core.event_handler.log_command[0m [1;30mDEBUG[0m [32mInvoking command in '/home/konka/data/code/camera_calibration/src/konka2_description': PYTHONPATH=/home/konka/data/code/camera_calibration/build/konka2_description/prefix_override:/usr/lib/python3/dist-packages/colcon_core/task/python/colcon_distutils_commands:/home/konka/data/code/camera_calibration/install/konka2_description/lib/python3.10/site-packages:${PYTHONPATH} /usr/bin/python3 -W ignore:setup.py install is deprecated -W ignore:easy_install command is deprecated setup.py egg_info --egg-base ../../build/konka2_description build --build-base /home/konka/data/code/camera_calibration/build/konka2_description/build install --record /home/konka/data/code/camera_calibration/build/konka2_description/install.log --single-version-externally-managed install_data[0m
[11.227s] [34mcolcon.colcon_core.event_handler.log_command[0m [1;30mDEBUG[0m [32mInvoked command in '/home/konka/data/code/camera_calibration/src/konka2_description' returned '0': PYTHONPATH=/home/konka/data/code/camera_calibration/build/konka2_description/prefix_override:/usr/lib/python3/dist-packages/colcon_core/task/python/colcon_distutils_commands:/home/konka/data/code/camera_calibration/install/konka2_description/lib/python3.10/site-packages:${PYTHONPATH} /usr/bin/python3 -W ignore:setup.py install is deprecated -W ignore:easy_install command is deprecated setup.py egg_info --egg-base ../../build/konka2_description build --build-base /home/konka/data/code/camera_calibration/build/konka2_description/build install --record /home/konka/data/code/camera_calibration/build/konka2_description/install.log --single-version-externally-managed install_data[0m
[11.232s] [34mcolcon.colcon_core.environment[0m [1;30mLevel 1[0m checking '/home/konka/data/code/camera_calibration/install/konka2_description' for CMake module files
[11.233s] [34mcolcon.colcon_core.environment[0m [1;30mLevel 1[0m checking '/home/konka/data/code/camera_calibration/install/konka2_description' for CMake config files
[11.235s] [34mcolcon.colcon_core.environment[0m [1;30mLevel 1[0m checking '/home/konka/data/code/camera_calibration/install/konka2_description/lib'
[11.235s] [34mcolcon.colcon_core.environment[0m [1;30mLevel 1[0m checking '/home/konka/data/code/camera_calibration/install/konka2_description/bin'
[11.235s] [34mcolcon.colcon_core.environment[0m [1;30mLevel 1[0m checking '/home/konka/data/code/camera_calibration/install/konka2_description/lib/pkgconfig/konka2_description.pc'
[11.236s] [34mcolcon.colcon_core.environment[0m [1;30mLevel 1[0m checking '/home/konka/data/code/camera_calibration/install/konka2_description/lib/python3.10/site-packages'
[11.236s] [34mcolcon.colcon_core.shell[0m [1;30mLevel 1[0m create_environment_hook('konka2_description', 'pythonpath')
[11.236s] [34mcolcon.colcon_core.shell[0m [1;30mINFO[0m Creating environment hook '/home/konka/data/code/camera_calibration/install/konka2_description/share/konka2_description/hook/pythonpath.ps1'
[11.238s] [34mcolcon.colcon_core.shell[0m [1;30mINFO[0m Creating environment descriptor '/home/konka/data/code/camera_calibration/install/konka2_description/share/konka2_description/hook/pythonpath.dsv'
[11.238s] [34mcolcon.colcon_core.shell[0m [1;30mINFO[0m Creating environment hook '/home/konka/data/code/camera_calibration/install/konka2_description/share/konka2_description/hook/pythonpath.sh'
[11.239s] [34mcolcon.colcon_core.environment[0m [1;30mLevel 1[0m checking '/home/konka/data/code/camera_calibration/install/konka2_description/bin'
[11.239s] [34mcolcon.colcon_core.environment[0m [1;30mLevel 1[0m create_environment_scripts_only(konka2_description)
[11.240s] [34mcolcon.colcon_core.shell[0m [1;30mINFO[0m Creating package script '/home/konka/data/code/camera_calibration/install/konka2_description/share/konka2_description/package.ps1'
[11.243s] [34mcolcon.colcon_core.shell[0m [1;30mINFO[0m Creating package descriptor '/home/konka/data/code/camera_calibration/install/konka2_description/share/konka2_description/package.dsv'
[11.246s] [34mcolcon.colcon_core.shell[0m [1;30mINFO[0m Creating package script '/home/konka/data/code/camera_calibration/install/konka2_description/share/konka2_description/package.sh'
[11.249s] [34mcolcon.colcon_core.shell[0m [1;30mINFO[0m Creating package script '/home/konka/data/code/camera_calibration/install/konka2_description/share/konka2_description/package.bash'
[11.251s] [34mcolcon.colcon_core.shell[0m [1;30mINFO[0m Creating package script '/home/konka/data/code/camera_calibration/install/konka2_description/share/konka2_description/package.zsh'
[11.253s] [34mcolcon.colcon_core.environment[0m [1;30mLevel 1[0m create_file_with_runtime_dependencies(/home/konka/data/code/camera_calibration/install/konka2_description/share/colcon-core/packages/konka2_description)
[11.532s] [34mcolcon.colcon_core.environment[0m [1;30mLevel 1[0m checking '/home/konka/data/code/camera_calibration/install/konka_camera_description' for CMake module files
[11.533s] [34mcolcon.colcon_core.event_handler.log_command[0m [1;30mDEBUG[0m [32mInvoked command in '/home/konka/data/code/camera_calibration/src/konka_camera_description' returned '0': PYTHONPATH=/home/konka/data/code/camera_calibration/build/konka_camera_description/prefix_override:/usr/lib/python3/dist-packages/colcon_core/task/python/colcon_distutils_commands:/home/konka/data/code/camera_calibration/install/konka_camera_description/lib/python3.10/site-packages:${PYTHONPATH} /usr/bin/python3 -W ignore:setup.py install is deprecated -W ignore:easy_install command is deprecated setup.py egg_info --egg-base ../../build/konka_camera_description build --build-base /home/konka/data/code/camera_calibration/build/konka_camera_description/build install --record /home/konka/data/code/camera_calibration/build/konka_camera_description/install.log --single-version-externally-managed install_data[0m
[11.535s] [34mcolcon.colcon_core.environment[0m [1;30mLevel 1[0m checking '/home/konka/data/code/camera_calibration/install/konka_camera_description' for CMake config files
[11.537s] [34mcolcon.colcon_core.environment[0m [1;30mLevel 1[0m checking '/home/konka/data/code/camera_calibration/install/konka_camera_description/lib'
[11.538s] [34mcolcon.colcon_core.environment[0m [1;30mLevel 1[0m checking '/home/konka/data/code/camera_calibration/install/konka_camera_description/bin'
[11.538s] [34mcolcon.colcon_core.environment[0m [1;30mLevel 1[0m checking '/home/konka/data/code/camera_calibration/install/konka_camera_description/lib/pkgconfig/konka_camera_description.pc'
[11.538s] [34mcolcon.colcon_core.environment[0m [1;30mLevel 1[0m checking '/home/konka/data/code/camera_calibration/install/konka_camera_description/lib/python3.10/site-packages'
[11.538s] [34mcolcon.colcon_core.shell[0m [1;30mLevel 1[0m create_environment_hook('konka_camera_description', 'pythonpath')
[11.539s] [34mcolcon.colcon_core.shell[0m [1;30mINFO[0m Creating environment hook '/home/konka/data/code/camera_calibration/install/konka_camera_description/share/konka_camera_description/hook/pythonpath.ps1'
[11.541s] [34mcolcon.colcon_core.shell[0m [1;30mINFO[0m Creating environment descriptor '/home/konka/data/code/camera_calibration/install/konka_camera_description/share/konka_camera_description/hook/pythonpath.dsv'
[11.545s] [34mcolcon.colcon_core.shell[0m [1;30mINFO[0m Creating environment hook '/home/konka/data/code/camera_calibration/install/konka_camera_description/share/konka_camera_description/hook/pythonpath.sh'
[11.548s] [34mcolcon.colcon_core.environment[0m [1;30mLevel 1[0m checking '/home/konka/data/code/camera_calibration/install/konka_camera_description/bin'
[11.548s] [34mcolcon.colcon_core.environment[0m [1;30mLevel 1[0m create_environment_scripts_only(konka_camera_description)
[11.549s] [34mcolcon.colcon_core.shell[0m [1;30mINFO[0m Creating package script '/home/konka/data/code/camera_calibration/install/konka_camera_description/share/konka_camera_description/package.ps1'
[11.550s] [34mcolcon.colcon_core.shell[0m [1;30mINFO[0m Creating package descriptor '/home/konka/data/code/camera_calibration/install/konka_camera_description/share/konka_camera_description/package.dsv'
[11.551s] [34mcolcon.colcon_core.shell[0m [1;30mINFO[0m Creating package script '/home/konka/data/code/camera_calibration/install/konka_camera_description/share/konka_camera_description/package.sh'
[11.552s] [34mcolcon.colcon_core.shell[0m [1;30mINFO[0m Creating package script '/home/konka/data/code/camera_calibration/install/konka_camera_description/share/konka_camera_description/package.bash'
[11.553s] [34mcolcon.colcon_core.shell[0m [1;30mINFO[0m Creating package script '/home/konka/data/code/camera_calibration/install/konka_camera_description/share/konka_camera_description/package.zsh'
[11.554s] [34mcolcon.colcon_core.environment[0m [1;30mLevel 1[0m create_file_with_runtime_dependencies(/home/konka/data/code/camera_calibration/install/konka_camera_description/share/colcon-core/packages/konka_camera_description)
[11.556s] [34mcolcon.colcon_parallel_executor.executor.parallel[0m [1;30mDEBUG[0m [32mclosing loop[0m
[11.557s] [34mcolcon.colcon_parallel_executor.executor.parallel[0m [1;30mDEBUG[0m [32mloop closed[0m
[11.557s] [34mcolcon.colcon_parallel_executor.executor.parallel[0m [1;30mDEBUG[0m [32mrun_until_complete finished with '0'[0m
[11.558s] [34mcolcon.colcon_core.event_reactor[0m [1;30mDEBUG[0m [32mjoining thread[0m
[11.577s] [34mcolcon.colcon_core.plugin_system[0m [1;30mINFO[0m Skipping extension 'colcon_notification.desktop_notification.terminal_notifier': Not used on non-Darwin systems
[11.577s] [34mcolcon.colcon_core.plugin_system[0m [1;30mINFO[0m Skipping extension 'colcon_notification.desktop_notification.win32': Not used on non-Windows systems
[11.577s] [34mcolcon.colcon_notification.desktop_notification[0m [1;30mINFO[0m Sending desktop notification using 'notify2'
[11.620s] [34mcolcon.colcon_core.event_reactor[0m [1;30mDEBUG[0m [32mjoined thread[0m
[11.621s] [34mcolcon.colcon_core.shell[0m [1;30mINFO[0m Creating prefix script '/home/konka/data/code/camera_calibration/install/local_setup.ps1'
[11.628s] [34mcolcon.colcon_core.shell[0m [1;30mINFO[0m Creating prefix util module '/home/konka/data/code/camera_calibration/install/_local_setup_util_ps1.py'
[11.635s] [34mcolcon.colcon_core.shell[0m [1;30mINFO[0m Creating prefix chain script '/home/konka/data/code/camera_calibration/install/setup.ps1'
[11.648s] [34mcolcon.colcon_core.shell[0m [1;30mINFO[0m Creating prefix script '/home/konka/data/code/camera_calibration/install/local_setup.sh'
[11.650s] [34mcolcon.colcon_core.shell[0m [1;30mINFO[0m Creating prefix util module '/home/konka/data/code/camera_calibration/install/_local_setup_util_sh.py'
[11.652s] [34mcolcon.colcon_core.shell[0m [1;30mINFO[0m Creating prefix chain script '/home/konka/data/code/camera_calibration/install/setup.sh'
[11.664s] [34mcolcon.colcon_core.shell[0m [1;30mINFO[0m Creating prefix script '/home/konka/data/code/camera_calibration/install/local_setup.bash'
[11.665s] [34mcolcon.colcon_core.shell[0m [1;30mINFO[0m Creating prefix chain script '/home/konka/data/code/camera_calibration/install/setup.bash'
[11.678s] [34mcolcon.colcon_core.shell[0m [1;30mINFO[0m Creating prefix script '/home/konka/data/code/camera_calibration/install/local_setup.zsh'
[11.681s] [34mcolcon.colcon_core.shell[0m [1;30mINFO[0m Creating prefix chain script '/home/konka/data/code/camera_calibration/install/setup.zsh'
