[4.666s] Invoking command in '/home/konka/data/code/camera_calibration/src/konka2_description': PYTHONPATH=/home/konka/data/code/camera_calibration/build/konka2_description/prefix_override:/usr/lib/python3/dist-packages/colcon_core/task/python/colcon_distutils_commands:/home/konka/data/code/camera_calibration/install/konka2_description/lib/python3.10/site-packages:${PYTHONPATH} /usr/bin/python3 -W ignore:setup.py install is deprecated -W ignore:easy_install command is deprecated setup.py egg_info --egg-base ../../build/konka2_description build --build-base /home/konka/data/code/camera_calibration/build/konka2_description/build install --record /home/konka/data/code/camera_calibration/build/konka2_description/install.log --single-version-externally-managed install_data
[6.590s] running egg_info
[6.717s] writing ../../build/konka2_description/konka2_description.egg-info/PKG-INFO
[6.797s] writing dependency_links to ../../build/konka2_description/konka2_description.egg-info/dependency_links.txt
[7.207s] writing requirements to ../../build/konka2_description/konka2_description.egg-info/requires.txt
[7.287s] writing top-level names to ../../build/konka2_description/konka2_description.egg-info/top_level.txt
[7.589s] ERROR setuptools_scm._file_finders.git listing git files failed - pretending there aren't any
[7.591s] reading manifest file '../../build/konka2_description/konka2_description.egg-info/SOURCES.txt'
[7.594s] writing manifest file '../../build/konka2_description/konka2_description.egg-info/SOURCES.txt'
[7.594s] running build
[7.764s] running build_py
[7.764s] running install
[7.775s] running install_lib
[7.905s] running install_data
[7.906s] copying urdf/konka_without_head_camera.urdf -> /home/konka/data/code/camera_calibration/install/konka2_description/share/konka2_description/urdf
[7.906s] running install_egg_info
[8.033s] removing '/home/konka/data/code/camera_calibration/install/konka2_description/lib/python3.10/site-packages/konka2_description-0.0.0-py3.10.egg-info' (and everything under it)
[8.034s] Copying ../../build/konka2_description/konka2_description.egg-info to /home/konka/data/code/camera_calibration/install/konka2_description/lib/python3.10/site-packages/konka2_description-0.0.0-py3.10.egg-info
[8.035s] running install_scripts
[8.335s] writing list of installed files to '/home/konka/data/code/camera_calibration/build/konka2_description/install.log'
[8.458s] Invoked command in '/home/konka/data/code/camera_calibration/src/konka2_description' returned '0': PYTHONPATH=/home/konka/data/code/camera_calibration/build/konka2_description/prefix_override:/usr/lib/python3/dist-packages/colcon_core/task/python/colcon_distutils_commands:/home/konka/data/code/camera_calibration/install/konka2_description/lib/python3.10/site-packages:${PYTHONPATH} /usr/bin/python3 -W ignore:setup.py install is deprecated -W ignore:easy_install command is deprecated setup.py egg_info --egg-base ../../build/konka2_description build --build-base /home/konka/data/code/camera_calibration/build/konka2_description/build install --record /home/konka/data/code/camera_calibration/build/konka2_description/install.log --single-version-externally-managed install_data
